<?xml version="1.0" encoding="UTF-8"?>
<testsuite name="org.launchcode.hellospring.HelloSpringApplicationTests" tests="1" skipped="0" failures="0" errors="0" timestamp="2023-02-08T23:35:17" hostname="Joshs-Air.lan" time="0.18">
  <properties/>
  <testcase name="contextLoads()" classname="org.launchcode.hellospring.HelloSpringApplicationTests" time="0.18"/>
  <system-out><![CDATA[17:35:16.175 [Test worker] DEBUG org.springframework.test.context.BootstrapUtils - Instantiating CacheAwareContextLoaderDelegate from class [org.springframework.test.context.cache.DefaultCacheAwareContextLoaderDelegate]
17:35:16.182 [Test worker] DEBUG org.springframework.test.context.BootstrapUtils - Instantiating BootstrapContext using constructor [public org.springframework.test.context.support.DefaultBootstrapContext(java.lang.Class,org.springframework.test.context.CacheAwareContextLoaderDelegate)]
17:35:16.200 [Test worker] DEBUG org.springframework.test.context.BootstrapUtils - Instantiating TestContextBootstrapper for test class [org.launchcode.hellospring.HelloSpringApplicationTests] from class [org.springframework.boot.test.context.SpringBootTestContextBootstrapper]
17:35:16.207 [Test worker] INFO org.springframework.boot.test.context.SpringBootTestContextBootstrapper - Neither @ContextConfiguration nor @ContextHierarchy found for test class [org.launchcode.hellospring.HelloSpringApplicationTests], using SpringBootContextLoader
17:35:16.210 [Test worker] DEBUG org.springframework.test.context.support.AbstractContextLoader - Did not detect default resource location for test class [org.launchcode.hellospring.HelloSpringApplicationTests]: class path resource [org/launchcode/hellospring/HelloSpringApplicationTests-context.xml] does not exist
17:35:16.210 [Test worker] DEBUG org.springframework.test.context.support.AbstractContextLoader - Did not detect default resource location for test class [org.launchcode.hellospring.HelloSpringApplicationTests]: class path resource [org/launchcode/hellospring/HelloSpringApplicationTestsContext.groovy] does not exist
17:35:16.210 [Test worker] INFO org.springframework.test.context.support.AbstractContextLoader - Could not detect default resource locations for test class [org.launchcode.hellospring.HelloSpringApplicationTests]: no resource found for suffixes {-context.xml, Context.groovy}.
17:35:16.210 [Test worker] INFO org.springframework.test.context.support.AnnotationConfigContextLoaderUtils - Could not detect default configuration classes for test class [org.launchcode.hellospring.HelloSpringApplicationTests]: HelloSpringApplicationTests does not declare any static, non-private, non-final, nested classes annotated with @Configuration.
17:35:16.232 [Test worker] DEBUG org.springframework.test.context.support.ActiveProfilesUtils - Could not find an 'annotation declaring class' for annotation type [org.springframework.test.context.ActiveProfiles] and class [org.launchcode.hellospring.HelloSpringApplicationTests]
17:35:16.265 [Test worker] DEBUG org.springframework.context.annotation.ClassPathScanningCandidateComponentProvider - Identified candidate component class: file [/Users/joshjennemann/Desktop/launchcode/Unit-2/Java-practice/hello-spring/build/classes/java/main/org/launchcode/hellospring/HelloSpringApplication.class]
17:35:16.266 [Test worker] INFO org.springframework.boot.test.context.SpringBootTestContextBootstrapper - Found @SpringBootConfiguration org.launchcode.hellospring.HelloSpringApplication for test class org.launchcode.hellospring.HelloSpringApplicationTests
17:35:16.332 [Test worker] DEBUG org.springframework.boot.test.context.SpringBootTestContextBootstrapper - @TestExecutionListeners is not present for class [org.launchcode.hellospring.HelloSpringApplicationTests]: using defaults.
17:35:16.333 [Test worker] INFO org.springframework.boot.test.context.SpringBootTestContextBootstrapper - Loaded default TestExecutionListener class names from location [META-INF/spring.factories]: [org.springframework.boot.test.autoconfigure.restdocs.RestDocsTestExecutionListener, org.springframework.boot.test.autoconfigure.web.client.MockRestServiceServerResetTestExecutionListener, org.springframework.boot.test.autoconfigure.web.servlet.MockMvcPrintOnlyOnFailureTestExecutionListener, org.springframework.boot.test.autoconfigure.web.servlet.WebDriverTestExecutionListener, org.springframework.boot.test.autoconfigure.webservices.client.MockWebServiceServerTestExecutionListener, org.springframework.boot.test.mock.mockito.MockitoTestExecutionListener, org.springframework.boot.test.mock.mockito.ResetMocksTestExecutionListener, org.springframework.test.context.web.ServletTestExecutionListener, org.springframework.test.context.support.DirtiesContextBeforeModesTestExecutionListener, org.springframework.test.context.event.ApplicationEventsTestExecutionListener, org.springframework.test.context.support.DependencyInjectionTestExecutionListener, org.springframework.test.context.support.DirtiesContextTestExecutionListener, org.springframework.test.context.transaction.TransactionalTestExecutionListener, org.springframework.test.context.jdbc.SqlScriptsTestExecutionListener, org.springframework.test.context.event.EventPublishingTestExecutionListener]
17:35:16.344 [Test worker] DEBUG org.springframework.boot.test.context.SpringBootTestContextBootstrapper - Skipping candidate TestExecutionListener [org.springframework.test.context.transaction.TransactionalTestExecutionListener] due to a missing dependency. Specify custom listener classes or make the default listener classes and their required dependencies available. Offending class: [org/springframework/transaction/interceptor/TransactionAttributeSource]
17:35:16.344 [Test worker] DEBUG org.springframework.boot.test.context.SpringBootTestContextBootstrapper - Skipping candidate TestExecutionListener [org.springframework.test.context.jdbc.SqlScriptsTestExecutionListener] due to a missing dependency. Specify custom listener classes or make the default listener classes and their required dependencies available. Offending class: [org/springframework/transaction/interceptor/TransactionAttribute]
17:35:16.344 [Test worker] INFO org.springframework.boot.test.context.SpringBootTestContextBootstrapper - Using TestExecutionListeners: [org.springframework.test.context.web.ServletTestExecutionListener@158d255c, org.springframework.test.context.support.DirtiesContextBeforeModesTestExecutionListener@2ca65ce4, org.springframework.test.context.event.ApplicationEventsTestExecutionListener@327120c8, org.springframework.boot.test.mock.mockito.MockitoTestExecutionListener@5707c1cb, org.springframework.boot.test.autoconfigure.SpringBootDependencyInjectionTestExecutionListener@2b5cb9b2, org.springframework.test.context.support.DirtiesContextTestExecutionListener@35038141, org.springframework.test.context.event.EventPublishingTestExecutionListener@ecf9049, org.springframework.boot.test.autoconfigure.restdocs.RestDocsTestExecutionListener@672f11c2, org.springframework.boot.test.autoconfigure.web.client.MockRestServiceServerResetTestExecutionListener@2970a5bc, org.springframework.boot.test.autoconfigure.web.servlet.MockMvcPrintOnlyOnFailureTestExecutionListener@50305a, org.springframework.boot.test.autoconfigure.web.servlet.WebDriverTestExecutionListener@72efb5c1, org.springframework.boot.test.autoconfigure.webservices.client.MockWebServiceServerTestExecutionListener@6d511b5f, org.springframework.boot.test.mock.mockito.ResetMocksTestExecutionListener@41200e0c]
17:35:16.347 [Test worker] DEBUG org.springframework.test.context.support.AbstractDirtiesContextTestExecutionListener - Before test class: context [DefaultTestContext@37d80fe7 testClass = HelloSpringApplicationTests, testInstance = [null], testMethod = [null], testException = [null], mergedContextConfiguration = [WebMergedContextConfiguration@384fc774 testClass = HelloSpringApplicationTests, locations = '{}', classes = '{class org.launchcode.hellospring.HelloSpringApplication}', contextInitializerClasses = '[]', activeProfiles = '{}', propertySourceLocations = '{}', propertySourceProperties = '{org.springframework.boot.test.context.SpringBootTestContextBootstrapper=true}', contextCustomizers = set[org.springframework.boot.test.autoconfigure.actuate.metrics.MetricsExportContextCustomizerFactory$DisableMetricExportContextCustomizer@3f07b12c, org.springframework.boot.test.autoconfigure.properties.PropertyMappingContextCustomizer@0, org.springframework.boot.test.autoconfigure.web.servlet.WebDriverContextCustomizerFactory$Customizer@5644dc81, org.springframework.boot.test.context.filter.ExcludeFilterContextCustomizer@6bea52d4, org.springframework.boot.test.json.DuplicateJsonObjectContextCustomizerFactory$DuplicateJsonObjectContextCustomizer@aeab9a1, org.springframework.boot.test.mock.mockito.MockitoContextCustomizer@0, org.springframework.boot.test.web.client.TestRestTemplateContextCustomizer@20a14b55, org.springframework.boot.test.context.SpringBootTestArgs@1, org.springframework.boot.test.context.SpringBootTestWebEnvironment@2235eaab], resourceBasePath = 'src/main/webapp', contextLoader = 'org.springframework.boot.test.context.SpringBootContextLoader', parent = [null]], attributes = map['org.springframework.test.context.web.ServletTestExecutionListener.activateListener' -> true]], class annotated with @DirtiesContext [false] with mode [null].

  .   ____          _            __ _ _
 /\\ / ___'_ __ _ _(_)_ __  __ _ \ \ \ \
( ( )\___ | '_ | '_| | '_ \/ _` | \ \ \ \
 \\/  ___)| |_)| | | | | || (_| |  ) ) ) )
  '  |____| .__|_| |_|_| |_\__, | / / / /
 =========|_|==============|___/=/_/_/_/
 :: Spring Boot ::                (v2.7.8)

2023-02-08 17:35:16.569  INFO 39219 --- [    Test worker] o.l.h.HelloSpringApplicationTests        : Starting HelloSpringApplicationTests using Java 11.0.17 on Joshs-Air.lan with PID 39219 (started by joshjennemann in /Users/joshjennemann/Desktop/launchcode/Unit-2/Java-practice/hello-spring)
2023-02-08 17:35:16.570  INFO 39219 --- [    Test worker] o.l.h.HelloSpringApplicationTests        : No active profile set, falling back to 1 default profile: "default"
2023-02-08 17:35:17.287  INFO 39219 --- [    Test worker] o.l.h.HelloSpringApplicationTests        : Started HelloSpringApplicationTests in 0.917 seconds (JVM running for 1.588)
]]></system-out>
  <system-err><![CDATA[]]></system-err>
</testsuite>
